// 重构日志: d049aca2
// 重构日志: de1fb9fb
// 重构日志: 1c9e1bab
// 重构日志: c7961325
// 同步 ID: c923cfa9 @ Fri Jun  5 23:02:03 UTC 2026
// 同步 ID: 8b16ffe9 @ Sun Jun  7 16:35:17 UTC 2026
// 重构日志: 742f5570
// 重构日志: 5e2eae94
// 重构日志: 2571ab1d
// 同步 ID: 52a43ab9 @ Tue Jun 16 18:22:20 UTC 2026
// 重构日志: a21c162c
// 重构日志: b9b916e2
// 重构日志: 55985c02
// 同步 ID: f97776f5 @ Thu Jun 18 22:15:36 UTC 2026
// 重构日志: 55d3d74e
// 重构日志: 6354347a
// 重构日志: 8c4198cf
// 同步 ID: f3304e4f @ Thu Jun 25 01:32:38 UTC 2026
// 重构日志: c95e933b
// 重构日志: 70ab7580
